# JRE version: Java(TM) SE Runtime Environment (24.0.1+9) (build 24.0.1+9-30)
# Java VM: Java HotSpot(TM) 64-Bit Server VM (24.0.1+9-30, mixed mode, sharing, tiered, compressed oops, compressed class ptrs, g1 gc, windows-amd64)
GC Precious Log:
 CardTable entry size: 512
 Card Set container configuration: InlinePtr #cards 5 size 8 Array Of Cards #cards 10 size 36 Howl #buckets 4 coarsen threshold 1843 Howl Bitmap #cards 512 size 80 coarsen threshold 460 Card regions per heap region 1 cards per card region 2048
 CPUs: 8 total, 8 available
 Memory: 7969M
 Large Page Support: Disabled
 NUMA Support: Disabled
 Compressed Oops: Enabled (32-bit)
 Heap Region Size: 1M
 Heap Min Capacity: 8M
 Heap Initial Capacity: 126M
 Heap Max Capacity: 1994M
 Pre-touch: Disabled
 Parallel Workers: 8
 Concurrent Workers: 2
 Concurrent Refinement Workers: 8
 Periodic GC: Disabled
Heap:
 garbage-first heap   total reserved 2041856K, committed 61440K, used 34405K [0x0000000083600000, 0x0000000100000000)
  region size 1024K, 3 young (3072K), 1 survivors (1024K)
 Metaspace       used 61193K, committed 61760K, reserved 1114112K
  class space    used 6729K, committed 6976K, reserved 1048576K
GC Heap History (20 events):
Event: 301.419 GC heap before
{Heap before GC invocations=24 (full 0):
 garbage-first heap   total reserved 2041856K, committed 61440K, used 55136K [0x0000000083600000, 0x0000000100000000)
  region size 1024K, 23 young (23552K), 2 survivors (2048K)
 Metaspace       used 58101K, committed 58688K, reserved 1114112K
  class space    used 6416K, committed 6656K, reserved 1048576K
}
Event: 301.421 GC heap after
{Heap after GC invocations=25 (full 0):
 garbage-first heap   total reserved 2041856K, committed 61440K, used 33579K [0x0000000083600000, 0x0000000100000000)
  region size 1024K, 2 young (2048K), 2 survivors (2048K)
 Metaspace       used 58101K, committed 58688K, reserved 1114112K
  class space    used 6416K, committed 6656K, reserved 1048576K
}
Event: 518.724 GC heap before
{Heap before GC invocations=26 (full 0):
 garbage-first heap   total reserved 2041856K, committed 61440K, used 55083K [0x0000000083600000, 0x0000000100000000)
  region size 1024K, 23 young (23552K), 2 survivors (2048K)
 Metaspace       used 58205K, committed 58752K, reserved 1114112K
  class space    used 6416K, committed 6656K, reserved 1048576K
}
Event: 518.727 GC heap after
{Heap after GC invocations=27 (full 0):
 garbage-first heap   total reserved 2041856K, committed 61440K, used 33570K [0x0000000083600000, 0x0000000100000000)
  region size 1024K, 2 young (2048K), 2 survivors (2048K)
 Metaspace       used 58205K, committed 58752K, reserved 1114112K
  class space    used 6416K, committed 6656K, reserved 1048576K
}
Event: 741.101 GC heap before
{Heap before GC invocations=27 (full 0):
 garbage-first heap   total reserved 2041856K, committed 61440K, used 55074K [0x0000000083600000, 0x0000000100000000)
  region size 1024K, 23 young (23552K), 2 survivors (2048K)
 Metaspace       used 58276K, committed 58816K, reserved 1114112K
  class space    used 6416K, committed 6656K, reserved 1048576K
}
Event: 741.246 GC heap after
{Heap after GC invocations=28 (full 0):
 garbage-first heap   total reserved 2041856K, committed 61440K, used 32945K [0x0000000083600000, 0x0000000100000000)
  region size 1024K, 1 young (1024K), 1 survivors (1024K)
 Metaspace       used 58276K, committed 58816K, reserved 1114112K
  class space    used 6416K, committed 6656K, reserved 1048576K
}
Event: 984.349 GC heap before
{Heap before GC invocations=28 (full 0):
 garbage-first heap   total reserved 2041856K, committed 61440K, used 56497K [0x0000000083600000, 0x0000000100000000)
  region size 1024K, 24 young (24576K), 1 survivors (1024K)
 Metaspace       used 58378K, committed 58944K, reserved 1114112K
  class space    used 6416K, committed 6656K, reserved 1048576K
}
Event: 984.431 GC heap after
{Heap after GC invocations=29 (full 0):
 garbage-first heap   total reserved 2041856K, committed 61440K, used 33008K [0x0000000083600000, 0x0000000100000000)
  region size 1024K, 2 young (2048K), 2 survivors (2048K)
 Metaspace       used 58378K, committed 58944K, reserved 1114112K
  class space    used 6416K, committed 6656K, reserved 1048576K
}
Event: 1209.447 GC heap before
{Heap before GC invocations=30 (full 0):
 garbage-first heap   total reserved 2041856K, committed 61440K, used 54512K [0x0000000083600000, 0x0000000100000000)
  region size 1024K, 23 young (23552K), 2 survivors (2048K)
 Metaspace       used 58399K, committed 58944K, reserved 1114112K
  class space    used 6416K, committed 6656K, reserved 1048576K
}
Event: 1209.566 GC heap after
{Heap after GC invocations=31 (full 0):
 garbage-first heap   total reserved 2041856K, committed 61440K, used 32986K [0x0000000083600000, 0x0000000100000000)
  region size 1024K, 1 young (1024K), 1 survivors (1024K)
 Metaspace       used 58399K, committed 58944K, reserved 1114112K
  class space    used 6416K, committed 6656K, reserved 1048576K
}
Event: 1452.815 GC heap before
{Heap before GC invocations=31 (full 0):
 garbage-first heap   total reserved 2041856K, committed 61440K, used 56538K [0x0000000083600000, 0x0000000100000000)
  region size 1024K, 24 young (24576K), 1 survivors (1024K)
 Metaspace       used 58517K, committed 59008K, reserved 1114112K
  class space    used 6416K, committed 6656K, reserved 1048576K
}
Event: 1453.378 GC heap after
{Heap after GC invocations=32 (full 0):
 garbage-first heap   total reserved 2041856K, committed 61440K, used 32476K [0x0000000083600000, 0x0000000100000000)
  region size 1024K, 1 young (1024K), 1 survivors (1024K)
 Metaspace       used 58517K, committed 59008K, reserved 1114112K
  class space    used 6416K, committed 6656K, reserved 1048576K
}
Event: 1712.021 GC heap before
{Heap before GC invocations=32 (full 0):
 garbage-first heap   total reserved 2041856K, committed 61440K, used 57052K [0x0000000083600000, 0x0000000100000000)
  region size 1024K, 25 young (25600K), 1 survivors (1024K)
 Metaspace       used 58517K, committed 59008K, reserved 1114112K
  class space    used 6416K, committed 6656K, reserved 1048576K
}
Event: 1712.100 GC heap after
{Heap after GC invocations=33 (full 0):
 garbage-first heap   total reserved 2041856K, committed 61440K, used 32458K [0x0000000083600000, 0x0000000100000000)
  region size 1024K, 1 young (1024K), 1 survivors (1024K)
 Metaspace       used 58517K, committed 59008K, reserved 1114112K
  class space    used 6416K, committed 6656K, reserved 1048576K
}
Event: 1828.820 GC heap before
{Heap before GC invocations=34 (full 0):
 garbage-first heap   total reserved 2041856K, committed 61440K, used 56010K [0x0000000083600000, 0x0000000100000000)
  region size 1024K, 25 young (25600K), 1 survivors (1024K)
 Metaspace       used 60908K, committed 61440K, reserved 1114112K
  class space    used 6700K, committed 6912K, reserved 1048576K
}
Event: 1828.839 GC heap after
{Heap after GC invocations=35 (full 0):
 garbage-first heap   total reserved 2041856K, committed 61440K, used 33807K [0x0000000083600000, 0x0000000100000000)
  region size 1024K, 3 young (3072K), 3 survivors (3072K)
 Metaspace       used 60908K, committed 61440K, reserved 1114112K
  class space    used 6700K, committed 6912K, reserved 1048576K
}
Event: 1828.891 GC heap before
{Heap before GC invocations=35 (full 0):
 garbage-first heap   total reserved 2041856K, committed 61440K, used 34831K [0x0000000083600000, 0x0000000100000000)
  region size 1024K, 4 young (4096K), 3 survivors (3072K)
 Metaspace       used 60954K, committed 61440K, reserved 1114112K
  class space    used 6712K, committed 6912K, reserved 1048576K
}
Event: 1828.914 GC heap after
{Heap after GC invocations=36 (full 0):
 garbage-first heap   total reserved 2041856K, committed 61440K, used 33615K [0x0000000083600000, 0x0000000100000000)
  region size 1024K, 1 young (1024K), 1 survivors (1024K)
 Metaspace       used 60954K, committed 61440K, reserved 1114112K
  class space    used 6712K, committed 6912K, reserved 1048576K
}
Event: 1866.565 GC heap before
{Heap before GC invocations=36 (full 0):
 garbage-first heap   total reserved 2041856K, committed 61440K, used 55119K [0x0000000083600000, 0x0000000100000000)
  region size 1024K, 23 young (23552K), 1 survivors (1024K)
 Metaspace       used 61193K, committed 61760K, reserved 1114112K
  class space    used 6729K, committed 6976K, reserved 1048576K
}
Event: 1866.570 GC heap after
{Heap after GC invocations=37 (full 0):
 garbage-first heap   total reserved 2041856K, committed 61440K, used 33381K [0x0000000083600000, 0x0000000100000000)
  region size 1024K, 1 young (1024K), 1 survivors (1024K)
 Metaspace       used 61193K, committed 61760K, reserved 1114112K
  class space    used 6729K, committed 6976K, reserved 1048576K
}

