<?xml version="1.0" encoding="UTF-8"?>
<testsuite xmlns:xsi="http://www.w3.org/2001/XMLSchema-instance" xsi:noNamespaceSchemaLocation="https://maven.apache.org/surefire/maven-surefire-plugin/xsd/surefire-test-report.xsd" version="3.0.2" name="dev.anhhoang.QTCSDLHD.QtcsdlhdApplicationTests" time="2.7" tests="1" errors="0" skipped="0" failures="0">
  <properties>
[...]
</properties>
  <testcase name="contextLoads" classname="dev.anhhoang.QTCSDLHD.QtcsdlhdApplicationTests" time="0.393">
    <system-out><![CDATA[22:52:24.167 [main] INFO org.springframework.test.context.support.AnnotationConfigContextLoaderUtils -- Could not detect default configuration classes for test class [dev.anhhoang.QTCSDLHD.QtcsdlhdApplicationTests]: QtcsdlhdApplicationTests does not declare any static, non-private, non-final, nested classes annotated with @Configuration.
22:52:24.248 [main] INFO org.springframework.boot.test.context.SpringBootTestContextBootstrapper -- Found @SpringBootConfiguration dev.anhhoang.QTCSDLHD.QtcsdlhdApplication for test class dev.anhhoang.QTCSDLHD.QtcsdlhdApplicationTests
22:52:24.364 [main] INFO org.springframework.boot.devtools.restart.RestartApplicationListener -- Restart disabled due to context in which it is running

  .   ____          _            __ _ _
 /\\ / ___'_ __ _ _(_)_ __  __ _ \ \ \ \
( ( )\___ | '_ | '_| | '_ \/ _` | \ \ \ \
 \\/  ___)| |_)| | | | | || (_| |  ) ) ) )
  '  |____| .__|_| |_|_| |_\__, | / / / /
 =========|_|==============|___/=/_/_/_/

 :: Spring Boot ::                (v3.5.0)

2025-06-17T22:52:24.588+07:00  INFO 22812 --- [QTCSDLHD] [           main] d.a.QTCSDLHD.QtcsdlhdApplicationTests    : Starting QtcsdlhdApplicationTests using Java 24.0.1 with PID 22812 (started by Admin in C:\Learn\QTCSDLHD\DoAn\New folder\DoAn_QTCSDLHD\QTCSDLHD)
2025-06-17T22:52:24.589+07:00  INFO 22812 --- [QTCSDLHD] [           main] d.a.QTCSDLHD.QtcsdlhdApplicationTests    : No active profile set, falling back to 1 default profile: "default"
2025-06-17T22:52:25.042+07:00  INFO 22812 --- [QTCSDLHD] [           main] .s.d.r.c.RepositoryConfigurationDelegate : Bootstrapping Spring Data MongoDB repositories in DEFAULT mode.
2025-06-17T22:52:25.085+07:00  INFO 22812 --- [QTCSDLHD] [           main] .s.d.r.c.RepositoryConfigurationDelegate : Finished Spring Data repository scanning in 38 ms. Found 4 MongoDB repository interfaces.
2025-06-17T22:52:25.579+07:00  INFO 22812 --- [QTCSDLHD] [           main] org.mongodb.driver.client                : MongoClient with metadata {"driver": {"name": "mongo-java-driver|sync|spring-boot", "version": "5.4.0"}, "os": {"type": "Windows", "name": "Windows 10", "architecture": "amd64", "version": "10.0"}, "platform": "Java/Oracle Corporation/24.0.1+9-30"} created with settings MongoClientSettings{readPreference=primary, writeConcern=WriteConcern{w=null, wTimeout=null ms, journal=null}, retryWrites=true, retryReads=true, readConcern=ReadConcern{level=null}, credential=MongoCredential{mechanism=null, userName='tuananh1072002', source='admin', password=<hidden>, mechanismProperties=<hidden>}, transportSettings=null, commandListeners=[], codecRegistry=ProvidersCodecRegistry{codecProviders=[ValueCodecProvider{}, BsonValueCodecProvider{}, DBRefCodecProvider{}, DBObjectCodecProvider{}, DocumentCodecProvider{}, CollectionCodecProvider{}, IterableCodecProvider{}, MapCodecProvider{}, GeoJsonCodecProvider{}, GridFSFileCodecProvider{}, Jsr310CodecProvider{}, JsonObjectCodecProvider{}, BsonCodecProvider{}, EnumCodecProvider{}, com.mongodb.client.model.mql.ExpressionCodecProvider@4877919f, com.mongodb.Jep395RecordCodecProvider@47a7c93e, com.mongodb.KotlinCodecProvider@6f9ab79d]}, loggerSettings=LoggerSettings{maxDocumentLength=1000}, clusterSettings={hosts=[127.0.0.1:27017], srvHost=qtcsdlhd.hj8oh4n.mongodb.net, srvServiceName=mongodb, mode=MULTIPLE, requiredClusterType=REPLICA_SET, requiredReplicaSetName='atlas-uuhj0v-shard-0', serverSelector='null', clusterListeners='[]', serverSelectionTimeout='30000 ms', localThreshold='15 ms'}, socketSettings=SocketSettings{connectTimeoutMS=10000, readTimeoutMS=0, receiveBufferSize=0, proxySettings=ProxySettings{host=null, port=null, username=null, password=null}}, heartbeatSocketSettings=SocketSettings{connectTimeoutMS=10000, readTimeoutMS=10000, receiveBufferSize=0, proxySettings=ProxySettings{host=null, port=null, username=null, password=null}}, connectionPoolSettings=ConnectionPoolSettings{maxSize=100, minSize=0, maxWaitTimeMS=120000, maxConnectionLifeTimeMS=0, maxConnectionIdleTimeMS=0, maintenanceInitialDelayMS=0, maintenanceFrequencyMS=60000, connectionPoolListeners=[], maxConnecting=2}, serverSettings=ServerSettings{heartbeatFrequencyMS=10000, minHeartbeatFrequencyMS=500, serverMonitoringMode=AUTO, serverListeners='[]', serverMonitorListeners='[]'}, sslSettings=SslSettings{enabled=true, invalidHostNameAllowed=false, context=null}, applicationName='null', compressorList=[], uuidRepresentation=JAVA_LEGACY, serverApi=null, autoEncryptionSettings=null, dnsClient=null, inetAddressResolver=null, contextProvider=null, timeoutMS=null}
2025-06-17T22:52:25.643+07:00  WARN 22812 --- [QTCSDLHD] [           main] o.s.data.convert.CustomConversions       : Registering converter from interface java.util.List to interface org.springframework.data.domain.Vector as reading converter although it doesn't convert from a store-supported type; You might want to check your annotation setup at the converter implementation
2025-06-17T22:52:25.724+07:00  WARN 22812 --- [QTCSDLHD] [           main] o.s.data.convert.CustomConversions       : Registering converter from interface java.util.List to interface org.springframework.data.domain.Vector as reading converter although it doesn't convert from a store-supported type; You might want to check your annotation setup at the converter implementation
2025-06-17T22:52:25.857+07:00  INFO 22812 --- [QTCSDLHD] [           main] eAuthenticationProviderManagerConfigurer : Global AuthenticationManager configured with AuthenticationProvider bean with name authenticationProvider
2025-06-17T22:52:25.857+07:00  WARN 22812 --- [QTCSDLHD] [           main] r$InitializeUserDetailsManagerConfigurer : Global AuthenticationManager configured with an AuthenticationProvider bean. UserDetailsService beans will not be used by Spring Security for automatically configuring username/password login. Consider removing the AuthenticationProvider bean. Alternatively, consider using the UserDetailsService in a manually instantiated DaoAuthenticationProvider. If the current configuration is intentional, to turn off this warning, increase the logging level of 'org.springframework.security.config.annotation.authentication.configuration.InitializeUserDetailsBeanManagerConfigurer' to ERROR
2025-06-17T22:52:26.369+07:00  INFO 22812 --- [QTCSDLHD] [           main] d.a.QTCSDLHD.QtcsdlhdApplicationTests    : Started QtcsdlhdApplicationTests in 2.015 seconds (process running for 2.675)
2025-06-17T22:52:26.454+07:00  INFO 22812 --- [QTCSDLHD] [h4n.mongodb.net] org.mongodb.driver.cluster               : Adding discovered server ac-y9qmk7t-shard-00-00.hj8oh4n.mongodb.net:27017 to client view of cluster
2025-06-17T22:52:26.469+07:00  INFO 22812 --- [QTCSDLHD] [h4n.mongodb.net] org.mongodb.driver.cluster               : Adding discovered server ac-y9qmk7t-shard-00-01.hj8oh4n.mongodb.net:27017 to client view of cluster
2025-06-17T22:52:26.471+07:00  INFO 22812 --- [QTCSDLHD] [h4n.mongodb.net] org.mongodb.driver.cluster               : Adding discovered server ac-y9qmk7t-shard-00-02.hj8oh4n.mongodb.net:27017 to client view of cluster
]]></system-out>
    <system-err><![CDATA[Mockito is currently self-attaching to enable the inline-mock-maker. This will no longer work in future releases of the JDK. Please add Mockito as an agent to your build as described in Mockito's documentation: https://javadoc.io/doc/org.mockito/mockito-core/latest/org.mockito/org/mockito/Mockito.html#0.3
WARNING: A Java agent has been loaded dynamically (C:\Users\Admin\.m2\repository\net\bytebuddy\byte-buddy-agent\1.17.5\byte-buddy-agent-1.17.5.jar)
WARNING: If a serviceability tool is in use, please run with -XX:+EnableDynamicAgentLoading to hide this warning
WARNING: If a serviceability tool is not in use, please run with -Djdk.instrument.traceUsage for more information
WARNING: Dynamic loading of agents will be disallowed by default in a future release
]]></system-err>
  </testcase>
</testsuite>