<?xml version="1.0" encoding="UTF-8"?>
<testsuite xmlns:xsi="http://www.w3.org/2001/XMLSchema-instance" xsi:noNamespaceSchemaLocation="https://maven.apache.org/surefire/maven-surefire-plugin/xsd/surefire-test-report.xsd" version="3.0.2" name="dev.anhhoang.QTCSDLHD.QtcsdlhdApplicationTests" time="7.883" tests="1" errors="0" skipped="0" failures="0">
  <properties>
[...]
</properties>
  <testcase name="contextLoads" classname="dev.anhhoang.QTCSDLHD.QtcsdlhdApplicationTests" time="1.044">
    <system-out><![CDATA[13:55:56.657 [main] INFO org.springframework.test.context.support.AnnotationConfigContextLoaderUtils -- Could not detect default configuration classes for test class [dev.anhhoang.QTCSDLHD.QtcsdlhdApplicationTests]: QtcsdlhdApplicationTests does not declare any static, non-private, non-final, nested classes annotated with @Configuration.
13:55:56.834 [main] INFO org.springframework.boot.test.context.SpringBootTestContextBootstrapper -- Found @SpringBootConfiguration dev.anhhoang.QTCSDLHD.QtcsdlhdApplication for test class dev.anhhoang.QTCSDLHD.QtcsdlhdApplicationTests
13:55:57.066 [main] INFO org.springframework.boot.devtools.restart.RestartApplicationListener -- Restart disabled due to context in which it is running

  .   ____          _            __ _ _
 /\\ / ___'_ __ _ _(_)_ __  __ _ \ \ \ \
( ( )\___ | '_ | '_| | '_ \/ _` | \ \ \ \
 \\/  ___)| |_)| | | | | || (_| |  ) ) ) )
  '  |____| .__|_| |_|_| |_\__, | / / / /
 =========|_|==============|___/=/_/_/_/

 :: Spring Boot ::                (v3.5.0)

2025-06-21T13:55:57.521+07:00  INFO 2992 --- [QTCSDLHD] [           main] d.a.QTCSDLHD.QtcsdlhdApplicationTests    : Starting QtcsdlhdApplicationTests using Java 24.0.1 with PID 2992 (started by THUY TRANG in C:\Users\THUY TRANG\Downloads\New folder (2)\DoAn_QTCSDLHD\QTCSDLHD)
2025-06-21T13:55:57.525+07:00  INFO 2992 --- [QTCSDLHD] [           main] d.a.QTCSDLHD.QtcsdlhdApplicationTests    : No active profile set, falling back to 1 default profile: "default"
2025-06-21T13:55:58.661+07:00  INFO 2992 --- [QTCSDLHD] [           main] .s.d.r.c.RepositoryConfigurationDelegate : Multiple Spring Data modules found, entering strict repository configuration mode
2025-06-21T13:55:58.663+07:00  INFO 2992 --- [QTCSDLHD] [           main] .s.d.r.c.RepositoryConfigurationDelegate : Bootstrapping Spring Data MongoDB repositories in DEFAULT mode.
2025-06-21T13:55:58.723+07:00  INFO 2992 --- [QTCSDLHD] [           main] .RepositoryConfigurationExtensionSupport : Spring Data MongoDB - Could not safely identify store assignment for repository candidate interface dev.anhhoang.QTCSDLHD.neo4j.repositories.ProductNodeRepository; If you want this repository to be a MongoDB repository, consider annotating your entities with one of these annotations: org.springframework.data.mongodb.core.mapping.Document (preferred), or consider extending one of the following types with your repository: org.springframework.data.mongodb.repository.MongoRepository
2025-06-21T13:55:58.725+07:00  INFO 2992 --- [QTCSDLHD] [           main] .RepositoryConfigurationExtensionSupport : Spring Data MongoDB - Could not safely identify store assignment for repository candidate interface dev.anhhoang.QTCSDLHD.neo4j.repositories.UserNodeRepository; If you want this repository to be a MongoDB repository, consider annotating your entities with one of these annotations: org.springframework.data.mongodb.core.mapping.Document (preferred), or consider extending one of the following types with your repository: org.springframework.data.mongodb.repository.MongoRepository
2025-06-21T13:55:58.894+07:00  INFO 2992 --- [QTCSDLHD] [           main] .s.d.r.c.RepositoryConfigurationDelegate : Finished Spring Data repository scanning in 221 ms. Found 5 MongoDB repository interfaces.
2025-06-21T13:55:58.941+07:00  INFO 2992 --- [QTCSDLHD] [           main] .s.d.r.c.RepositoryConfigurationDelegate : Multiple Spring Data modules found, entering strict repository configuration mode
2025-06-21T13:55:58.943+07:00  INFO 2992 --- [QTCSDLHD] [           main] .s.d.r.c.RepositoryConfigurationDelegate : Bootstrapping Spring Data Neo4j repositories in DEFAULT mode.
2025-06-21T13:55:58.957+07:00  INFO 2992 --- [QTCSDLHD] [           main] .RepositoryConfigurationExtensionSupport : Spring Data Neo4j - Could not safely identify store assignment for repository candidate interface dev.anhhoang.QTCSDLHD.repositories.CustomerRepository; If you want this repository to be a Neo4j repository, consider annotating your entities with one of these annotations: org.springframework.data.neo4j.core.schema.Node, org.springframework.data.neo4j.core.schema.RelationshipProperties (preferred), or consider extending one of the following types with your repository: org.springframework.data.neo4j.repository.ReactiveNeo4jRepository
2025-06-21T13:55:58.958+07:00  INFO 2992 --- [QTCSDLHD] [           main] .RepositoryConfigurationExtensionSupport : Spring Data Neo4j - Could not safely identify store assignment for repository candidate interface dev.anhhoang.QTCSDLHD.repositories.OrderRepository; If you want this repository to be a Neo4j repository, consider annotating your entities with one of these annotations: org.springframework.data.neo4j.core.schema.Node, org.springframework.data.neo4j.core.schema.RelationshipProperties (preferred), or consider extending one of the following types with your repository: org.springframework.data.neo4j.repository.ReactiveNeo4jRepository
2025-06-21T13:55:58.958+07:00  INFO 2992 --- [QTCSDLHD] [           main] .RepositoryConfigurationExtensionSupport : Spring Data Neo4j - Could not safely identify store assignment for repository candidate interface dev.anhhoang.QTCSDLHD.repositories.ProductRepository; If you want this repository to be a Neo4j repository, consider annotating your entities with one of these annotations: org.springframework.data.neo4j.core.schema.Node, org.springframework.data.neo4j.core.schema.RelationshipProperties (preferred), or consider extending one of the following types with your repository: org.springframework.data.neo4j.repository.ReactiveNeo4jRepository
2025-06-21T13:55:58.958+07:00  INFO 2992 --- [QTCSDLHD] [           main] .RepositoryConfigurationExtensionSupport : Spring Data Neo4j - Could not safely identify store assignment for repository candidate interface dev.anhhoang.QTCSDLHD.repositories.UserRepository; If you want this repository to be a Neo4j repository, consider annotating your entities with one of these annotations: org.springframework.data.neo4j.core.schema.Node, org.springframework.data.neo4j.core.schema.RelationshipProperties (preferred), or consider extending one of the following types with your repository: org.springframework.data.neo4j.repository.ReactiveNeo4jRepository
2025-06-21T13:55:58.959+07:00  INFO 2992 --- [QTCSDLHD] [           main] .RepositoryConfigurationExtensionSupport : Spring Data Neo4j - Could not safely identify store assignment for repository candidate interface dev.anhhoang.QTCSDLHD.repositories.VoucherRepository; If you want this repository to be a Neo4j repository, consider annotating your entities with one of these annotations: org.springframework.data.neo4j.core.schema.Node, org.springframework.data.neo4j.core.schema.RelationshipProperties (preferred), or consider extending one of the following types with your repository: org.springframework.data.neo4j.repository.ReactiveNeo4jRepository
2025-06-21T13:55:58.959+07:00  INFO 2992 --- [QTCSDLHD] [           main] .s.d.r.c.RepositoryConfigurationDelegate : Finished Spring Data repository scanning in 12 ms. Found 0 Neo4j repository interfaces.
2025-06-21T13:55:58.965+07:00  INFO 2992 --- [QTCSDLHD] [           main] .s.d.r.c.RepositoryConfigurationDelegate : Multiple Spring Data modules found, entering strict repository configuration mode
2025-06-21T13:55:58.966+07:00  INFO 2992 --- [QTCSDLHD] [           main] .s.d.r.c.RepositoryConfigurationDelegate : Bootstrapping Spring Data Neo4j repositories in DEFAULT mode.
2025-06-21T13:55:58.977+07:00  INFO 2992 --- [QTCSDLHD] [           main] .RepositoryConfigurationExtensionSupport : Spring Data Neo4j - Could not safely identify store assignment for repository candidate interface dev.anhhoang.QTCSDLHD.repositories.CustomerRepository; If you want this repository to be a Neo4j repository, consider annotating your entities with one of these annotations: org.springframework.data.neo4j.core.schema.Node, org.springframework.data.neo4j.core.schema.RelationshipProperties (preferred), or consider extending one of the following types with your repository: org.springframework.data.neo4j.repository.Neo4jRepository
2025-06-21T13:55:58.978+07:00  INFO 2992 --- [QTCSDLHD] [           main] .RepositoryConfigurationExtensionSupport : Spring Data Neo4j - Could not safely identify store assignment for repository candidate interface dev.anhhoang.QTCSDLHD.repositories.OrderRepository; If you want this repository to be a Neo4j repository, consider annotating your entities with one of these annotations: org.springframework.data.neo4j.core.schema.Node, org.springframework.data.neo4j.core.schema.RelationshipProperties (preferred), or consider extending one of the following types with your repository: org.springframework.data.neo4j.repository.Neo4jRepository
2025-06-21T13:55:58.978+07:00  INFO 2992 --- [QTCSDLHD] [           main] .RepositoryConfigurationExtensionSupport : Spring Data Neo4j - Could not safely identify store assignment for repository candidate interface dev.anhhoang.QTCSDLHD.repositories.ProductRepository; If you want this repository to be a Neo4j repository, consider annotating your entities with one of these annotations: org.springframework.data.neo4j.core.schema.Node, org.springframework.data.neo4j.core.schema.RelationshipProperties (preferred), or consider extending one of the following types with your repository: org.springframework.data.neo4j.repository.Neo4jRepository
2025-06-21T13:55:58.979+07:00  INFO 2992 --- [QTCSDLHD] [           main] .RepositoryConfigurationExtensionSupport : Spring Data Neo4j - Could not safely identify store assignment for repository candidate interface dev.anhhoang.QTCSDLHD.repositories.UserRepository; If you want this repository to be a Neo4j repository, consider annotating your entities with one of these annotations: org.springframework.data.neo4j.core.schema.Node, org.springframework.data.neo4j.core.schema.RelationshipProperties (preferred), or consider extending one of the following types with your repository: org.springframework.data.neo4j.repository.Neo4jRepository
2025-06-21T13:55:58.979+07:00  INFO 2992 --- [QTCSDLHD] [           main] .RepositoryConfigurationExtensionSupport : Spring Data Neo4j - Could not safely identify store assignment for repository candidate interface dev.anhhoang.QTCSDLHD.repositories.VoucherRepository; If you want this repository to be a Neo4j repository, consider annotating your entities with one of these annotations: org.springframework.data.neo4j.core.schema.Node, org.springframework.data.neo4j.core.schema.RelationshipProperties (preferred), or consider extending one of the following types with your repository: org.springframework.data.neo4j.repository.Neo4jRepository
2025-06-21T13:55:58.990+07:00  INFO 2992 --- [QTCSDLHD] [           main] .s.d.r.c.RepositoryConfigurationDelegate : Finished Spring Data repository scanning in 22 ms. Found 2 Neo4j repository interfaces.
2025-06-21T13:56:00.074+07:00  INFO 2992 --- [QTCSDLHD] [           main] org.mongodb.driver.client                : MongoClient with metadata {"driver": {"name": "mongo-java-driver|sync|spring-boot", "version": "5.4.0"}, "os": {"type": "Windows", "name": "Windows 11", "architecture": "amd64", "version": "10.0"}, "platform": "Java/Oracle Corporation/24.0.1+9-30"} created with settings MongoClientSettings{readPreference=primary, writeConcern=WriteConcern{w=null, wTimeout=null ms, journal=null}, retryWrites=true, retryReads=true, readConcern=ReadConcern{level=null}, credential=MongoCredential{mechanism=null, userName='tuananh1072002', source='admin', password=<hidden>, mechanismProperties=<hidden>}, transportSettings=null, commandListeners=[], codecRegistry=ProvidersCodecRegistry{codecProviders=[ValueCodecProvider{}, BsonValueCodecProvider{}, DBRefCodecProvider{}, DBObjectCodecProvider{}, DocumentCodecProvider{}, CollectionCodecProvider{}, IterableCodecProvider{}, MapCodecProvider{}, GeoJsonCodecProvider{}, GridFSFileCodecProvider{}, Jsr310CodecProvider{}, JsonObjectCodecProvider{}, BsonCodecProvider{}, EnumCodecProvider{}, com.mongodb.client.model.mql.ExpressionCodecProvider@6ac45c0c, com.mongodb.Jep395RecordCodecProvider@12192604, com.mongodb.KotlinCodecProvider@6075b369]}, loggerSettings=LoggerSettings{maxDocumentLength=1000}, clusterSettings={hosts=[127.0.0.1:27017], srvHost=qtcsdlhd.hj8oh4n.mongodb.net, srvServiceName=mongodb, mode=MULTIPLE, requiredClusterType=REPLICA_SET, requiredReplicaSetName='atlas-uuhj0v-shard-0', serverSelector='null', clusterListeners='[]', serverSelectionTimeout='30000 ms', localThreshold='15 ms'}, socketSettings=SocketSettings{connectTimeoutMS=10000, readTimeoutMS=0, receiveBufferSize=0, proxySettings=ProxySettings{host=null, port=null, username=null, password=null}}, heartbeatSocketSettings=SocketSettings{connectTimeoutMS=10000, readTimeoutMS=10000, receiveBufferSize=0, proxySettings=ProxySettings{host=null, port=null, username=null, password=null}}, connectionPoolSettings=ConnectionPoolSettings{maxSize=100, minSize=0, maxWaitTimeMS=120000, maxConnectionLifeTimeMS=0, maxConnectionIdleTimeMS=0, maintenanceInitialDelayMS=0, maintenanceFrequencyMS=60000, connectionPoolListeners=[], maxConnecting=2}, serverSettings=ServerSettings{heartbeatFrequencyMS=10000, minHeartbeatFrequencyMS=500, serverMonitoringMode=AUTO, serverListeners='[]', serverMonitorListeners='[]'}, sslSettings=SslSettings{enabled=true, invalidHostNameAllowed=false, context=null}, applicationName='null', compressorList=[], uuidRepresentation=JAVA_LEGACY, serverApi=null, autoEncryptionSettings=null, dnsClient=null, inetAddressResolver=null, contextProvider=null, timeoutMS=null}
2025-06-21T13:56:00.087+07:00  INFO 2992 --- [QTCSDLHD] [h4n.mongodb.net] org.mongodb.driver.cluster               : Adding discovered server ac-y9qmk7t-shard-00-00.hj8oh4n.mongodb.net:27017 to client view of cluster
2025-06-21T13:56:00.146+07:00  INFO 2992 --- [QTCSDLHD] [h4n.mongodb.net] org.mongodb.driver.cluster               : Adding discovered server ac-y9qmk7t-shard-00-01.hj8oh4n.mongodb.net:27017 to client view of cluster
2025-06-21T13:56:00.152+07:00  INFO 2992 --- [QTCSDLHD] [h4n.mongodb.net] org.mongodb.driver.cluster               : Adding discovered server ac-y9qmk7t-shard-00-02.hj8oh4n.mongodb.net:27017 to client view of cluster
2025-06-21T13:56:00.345+07:00  WARN 2992 --- [QTCSDLHD] [           main] o.s.data.convert.CustomConversions       : Registering converter from interface java.util.List to interface org.springframework.data.domain.Vector as reading converter although it doesn't convert from a store-supported type; You might want to check your annotation setup at the converter implementation
2025-06-21T13:56:00.637+07:00  WARN 2992 --- [QTCSDLHD] [           main] o.s.data.convert.CustomConversions       : Registering converter from interface java.util.List to interface org.springframework.data.domain.Vector as reading converter although it doesn't convert from a store-supported type; You might want to check your annotation setup at the converter implementation
2025-06-21T13:56:01.126+07:00  INFO 2992 --- [QTCSDLHD] [           main] eAuthenticationProviderManagerConfigurer : Global AuthenticationManager configured with AuthenticationProvider bean with name authenticationProvider
2025-06-21T13:56:01.127+07:00  WARN 2992 --- [QTCSDLHD] [           main] r$InitializeUserDetailsManagerConfigurer : Global AuthenticationManager configured with an AuthenticationProvider bean. UserDetailsService beans will not be used by Spring Security for automatically configuring username/password login. Consider removing the AuthenticationProvider bean. Alternatively, consider using the UserDetailsService in a manually instantiated DaoAuthenticationProvider. If the current configuration is intentional, to turn off this warning, increase the logging level of 'org.springframework.security.config.annotation.authentication.configuration.InitializeUserDetailsBeanManagerConfigurer' to ERROR
2025-06-21T13:56:01.349+07:00  INFO 2992 --- [QTCSDLHD] [ngodb.net:27017] org.mongodb.driver.cluster               : Monitor thread successfully connected to server with description ServerDescription{address=ac-y9qmk7t-shard-00-02.hj8oh4n.mongodb.net:27017, type=REPLICA_SET_SECONDARY, cryptd=false, state=CONNECTED, ok=true, minWireVersion=0, maxWireVersion=25, maxDocumentSize=16777216, logicalSessionTimeoutMinutes=30, roundTripTimeNanos=741153600, minRoundTripTimeNanos=0, setName='atlas-uuhj0v-shard-0', canonicalAddress=ac-y9qmk7t-shard-00-02.hj8oh4n.mongodb.net:27017, hosts=[ac-y9qmk7t-shard-00-01.hj8oh4n.mongodb.net:27017, ac-y9qmk7t-shard-00-02.hj8oh4n.mongodb.net:27017, ac-y9qmk7t-shard-00-00.hj8oh4n.mongodb.net:27017], passives=[], arbiters=[], primary='ac-y9qmk7t-shard-00-01.hj8oh4n.mongodb.net:27017', tagSet=TagSet{[Tag{name='availabilityZone', value='ape1-az3'}, Tag{name='diskState', value='READY'}, Tag{name='nodeType', value='ELECTABLE'}, Tag{name='provider', value='AWS'}, Tag{name='region', value='AP_EAST_1'}, Tag{name='workloadType', value='OPERATIONAL'}]}, electionId=null, setVersion=33, topologyVersion=TopologyVersion{processId=68516ee16db4124ceb6b718a, counter=3}, lastWriteDate=Sat Jun 21 13:56:02 GMT+07:00 2025, lastUpdateTimeNanos=4249139085400}
2025-06-21T13:56:01.349+07:00  INFO 2992 --- [QTCSDLHD] [ngodb.net:27017] org.mongodb.driver.cluster               : Monitor thread successfully connected to server with description ServerDescription{address=ac-y9qmk7t-shard-00-00.hj8oh4n.mongodb.net:27017, type=REPLICA_SET_SECONDARY, cryptd=false, state=CONNECTED, ok=true, minWireVersion=0, maxWireVersion=25, maxDocumentSize=16777216, logicalSessionTimeoutMinutes=30, roundTripTimeNanos=739384200, minRoundTripTimeNanos=0, setName='atlas-uuhj0v-shard-0', canonicalAddress=ac-y9qmk7t-shard-00-00.hj8oh4n.mongodb.net:27017, hosts=[ac-y9qmk7t-shard-00-01.hj8oh4n.mongodb.net:27017, ac-y9qmk7t-shard-00-02.hj8oh4n.mongodb.net:27017, ac-y9qmk7t-shard-00-00.hj8oh4n.mongodb.net:27017], passives=[], arbiters=[], primary='ac-y9qmk7t-shard-00-01.hj8oh4n.mongodb.net:27017', tagSet=TagSet{[Tag{name='availabilityZone', value='ape1-az1'}, Tag{name='diskState', value='READY'}, Tag{name='nodeType', value='ELECTABLE'}, Tag{name='provider', value='AWS'}, Tag{name='region', value='AP_EAST_1'}, Tag{name='workloadType', value='OPERATIONAL'}]}, electionId=null, setVersion=33, topologyVersion=TopologyVersion{processId=68516a4e6856cb4bcb5703b8, counter=5}, lastWriteDate=Sat Jun 21 13:56:02 GMT+07:00 2025, lastUpdateTimeNanos=4249139085400}
2025-06-21T13:56:01.350+07:00  INFO 2992 --- [QTCSDLHD] [ngodb.net:27017] org.mongodb.driver.cluster               : Monitor thread successfully connected to server with description ServerDescription{address=ac-y9qmk7t-shard-00-01.hj8oh4n.mongodb.net:27017, type=REPLICA_SET_PRIMARY, cryptd=false, state=CONNECTED, ok=true, minWireVersion=0, maxWireVersion=25, maxDocumentSize=16777216, logicalSessionTimeoutMinutes=30, roundTripTimeNanos=741480700, minRoundTripTimeNanos=0, setName='atlas-uuhj0v-shard-0', canonicalAddress=ac-y9qmk7t-shard-00-01.hj8oh4n.mongodb.net:27017, hosts=[ac-y9qmk7t-shard-00-01.hj8oh4n.mongodb.net:27017, ac-y9qmk7t-shard-00-02.hj8oh4n.mongodb.net:27017, ac-y9qmk7t-shard-00-00.hj8oh4n.mongodb.net:27017], passives=[], arbiters=[], primary='ac-y9qmk7t-shard-00-01.hj8oh4n.mongodb.net:27017', tagSet=TagSet{[Tag{name='availabilityZone', value='ape1-az2'}, Tag{name='diskState', value='READY'}, Tag{name='nodeType', value='ELECTABLE'}, Tag{name='provider', value='AWS'}, Tag{name='region', value='AP_EAST_1'}, Tag{name='workloadType', value='OPERATIONAL'}]}, electionId=7fffffff00000000000000b2, setVersion=33, topologyVersion=TopologyVersion{processId=68516caeea4a3f6609ca14ec, counter=6}, lastWriteDate=Sat Jun 21 13:56:02 GMT+07:00 2025, lastUpdateTimeNanos=4249139161200}
2025-06-21T13:56:01.357+07:00  INFO 2992 --- [QTCSDLHD] [ngodb.net:27017] org.mongodb.driver.cluster               : Discovered replica set primary ac-y9qmk7t-shard-00-01.hj8oh4n.mongodb.net:27017 with max election id 7fffffff00000000000000b2 and max set version 33
2025-06-21T13:56:01.645+07:00  INFO 2992 --- [QTCSDLHD] [           main] o.neo4j.driver.internal.DriverFactory    : Routing driver instance 1795758738 created for server address be1904c8.databases.neo4j.io:7687
2025-06-21T13:56:03.265+07:00  INFO 2992 --- [QTCSDLHD] [           main] d.a.QTCSDLHD.QtcsdlhdApplicationTests    : Started QtcsdlhdApplicationTests in 6.217 seconds (process running for 7.711)
]]></system-out>
    <system-err><![CDATA[Mockito is currently self-attaching to enable the inline-mock-maker. This will no longer work in future releases of the JDK. Please add Mockito as an agent to your build as described in Mockito's documentation: https://javadoc.io/doc/org.mockito/mockito-core/latest/org.mockito/org/mockito/Mockito.html#0.3
WARNING: A Java agent has been loaded dynamically (C:\Users\THUY TRANG\.m2\repository\net\bytebuddy\byte-buddy-agent\1.17.5\byte-buddy-agent-1.17.5.jar)
WARNING: If a serviceability tool is in use, please run with -XX:+EnableDynamicAgentLoading to hide this warning
WARNING: If a serviceability tool is not in use, please run with -Djdk.instrument.traceUsage for more information
WARNING: Dynamic loading of agents will be disallowed by default in a future release
]]></system-err>
  </testcase>
</testsuite>